/home/tdlam/Documents/CaoHoc/document/MayHoc/EvoCluster/venv/bin/python /home/tdlam/Documents/CaoHoc/document/MayHoc/EvoCluster/lamtd/case_DB_FA.py
240 3
5
FA is optimizing  "DB"
['At iteration 0 the best fitness is 0.8297998794154612']
['At iteration 1 the best fitness is 0.8297998794154612']
['At iteration 2 the best fitness is 0.7441444941049334']
['At iteration 3 the best fitness is 0.7441444941049334']
['At iteration 4 the best fitness is 0.7441444941049334']
['At iteration 5 the best fitness is 0.7380561226878645']
['At iteration 6 the best fitness is 0.7380561226878645']
['At iteration 7 the best fitness is 0.7380561226878645']
['At iteration 8 the best fitness is 0.7380561226878645']
['At iteration 9 the best fitness is 0.7380561226878645']
['At iteration 10 the best fitness is 0.7380561226878645']
['At iteration 11 the best fitness is 0.7380561226878645']
['At iteration 12 the best fitness is 0.719208923077663']
['At iteration 13 the best fitness is 0.6799981166279138']
['At iteration 14 the best fitness is 0.6799981166279138']
['At iteration 15 the best fitness is 0.6799981166279138']
['At iteration 16 the best fitness is 0.6799981166279138']
['At iteration 17 the best fitness is 0.6799981166279138']
['At iteration 18 the best fitness is 0.6799981166279138']
['At iteration 19 the best fitness is 0.6799981166279138']
['At iteration 20 the best fitness is 0.6799981166279138']
['At iteration 21 the best fitness is 0.6799965344723213']
['At iteration 22 the best fitness is 0.6799965344723213']
['At iteration 23 the best fitness is 0.6799965344723213']
['At iteration 24 the best fitness is 0.6799965344723213']
['At iteration 25 the best fitness is 0.6799965344723213']
['At iteration 26 the best fitness is 0.6799965344723213']
['At iteration 27 the best fitness is 0.6799965344723213']
['At iteration 28 the best fitness is 0.6799965344723213']
['At iteration 29 the best fitness is 0.6799965344723213']
['At iteration 30 the best fitness is 0.6799965344723213']
['At iteration 31 the best fitness is 0.6799965344723213']
['At iteration 32 the best fitness is 0.6799965344723213']
['At iteration 33 the best fitness is 0.6799965344723213']
['At iteration 34 the best fitness is 0.6799965344723213']
['At iteration 35 the best fitness is 0.6799965344723213']
['At iteration 36 the best fitness is 0.6799965344723213']
['At iteration 37 the best fitness is 0.6799965344723213']
['At iteration 38 the best fitness is 0.6772250999489227']
['At iteration 39 the best fitness is 0.6772250999489227']
['At iteration 40 the best fitness is 0.6772250999489227']
['At iteration 41 the best fitness is 0.6772250999489227']
['At iteration 42 the best fitness is 0.6772250999489227']
['At iteration 43 the best fitness is 0.6765377064564672']
['At iteration 44 the best fitness is 0.6765377064564672']
['At iteration 45 the best fitness is 0.6765377064564672']
['At iteration 46 the best fitness is 0.675910038163417']
['At iteration 47 the best fitness is 0.6738740027479307']
['At iteration 48 the best fitness is 0.6738740027479307']
['At iteration 49 the best fitness is 0.6683857415188811']
['At iteration 50 the best fitness is 0.6601291497920545']
['At iteration 51 the best fitness is 0.6601291497920545']
['At iteration 52 the best fitness is 0.6601291497920545']
['At iteration 53 the best fitness is 0.6601291497920545']
['At iteration 54 the best fitness is 0.6601291497920545']
['At iteration 55 the best fitness is 0.6571474395178827']
['At iteration 56 the best fitness is 0.6571474395178827']
['At iteration 57 the best fitness is 0.6546950494930717']
['At iteration 58 the best fitness is 0.6546950494930717']
['At iteration 59 the best fitness is 0.6546950494930717']
['At iteration 60 the best fitness is 0.6546950494930717']
['At iteration 61 the best fitness is 0.6546950494930717']
['At iteration 62 the best fitness is 0.6546950494930717']
['At iteration 63 the best fitness is 0.6546950494930717']
['At iteration 64 the best fitness is 0.6546950494930717']
['At iteration 65 the best fitness is 0.6546950494930717']
['At iteration 66 the best fitness is 0.6546950494930717']
['At iteration 67 the best fitness is 0.6546950494930717']
['At iteration 68 the best fitness is 0.6527147023904366']
['At iteration 69 the best fitness is 0.6527147023904366']
['At iteration 70 the best fitness is 0.6518113663341085']
['At iteration 71 the best fitness is 0.6518113663341085']
['At iteration 72 the best fitness is 0.6515694610732662']
['At iteration 73 the best fitness is 0.6515694610732662']
['At iteration 74 the best fitness is 0.6515694610732662']
['At iteration 75 the best fitness is 0.6515694610732662']
['At iteration 76 the best fitness is 0.6515694610732662']
['At iteration 77 the best fitness is 0.6515694610732662']
['At iteration 78 the best fitness is 0.6515694610732662']
['At iteration 79 the best fitness is 0.6515694610732662']
['At iteration 80 the best fitness is 0.6515694610732662']
['At iteration 81 the best fitness is 0.6515694610732662']
['At iteration 82 the best fitness is 0.6515694610732662']
['At iteration 83 the best fitness is 0.6515694610732662']
['At iteration 84 the best fitness is 0.6515694610732662']
['At iteration 85 the best fitness is 0.6515694610732662']
['At iteration 86 the best fitness is 0.6515694610732662']
['At iteration 87 the best fitness is 0.6515694610732662']
['At iteration 88 the best fitness is 0.6515694610732662']
['At iteration 89 the best fitness is 0.6515694610732662']
['At iteration 90 the best fitness is 0.6515694610732662']
['At iteration 91 the best fitness is 0.6515694610732662']
['At iteration 92 the best fitness is 0.6515694610732662']
['At iteration 93 the best fitness is 0.6515694610732662']
['At iteration 94 the best fitness is 0.6515694610732662']
['At iteration 95 the best fitness is 0.6515694610732662']
['At iteration 96 the best fitness is 0.6515694610732662']
['At iteration 97 the best fitness is 0.6515694610732662']
['At iteration 98 the best fitness is 0.6515694610732662']
['At iteration 99 the best fitness is 0.6515694610732662']
['At iteration 100 the best fitness is 0.6515694610732662']
['At iteration 101 the best fitness is 0.6515694610732662']
['At iteration 102 the best fitness is 0.6515694610732662']
['At iteration 103 the best fitness is 0.6515694610732662']
['At iteration 104 the best fitness is 0.6515694610732662']
['At iteration 105 the best fitness is 0.6515694610732662']
['At iteration 106 the best fitness is 0.6515694610732662']
['At iteration 107 the best fitness is 0.6515694610732662']
['At iteration 108 the best fitness is 0.6515694610732662']
['At iteration 109 the best fitness is 0.6515694610732662']
['At iteration 110 the best fitness is 0.6515694610732662']
['At iteration 111 the best fitness is 0.6515694610732662']
['At iteration 112 the best fitness is 0.6515694610732662']
['At iteration 113 the best fitness is 0.6515694610732662']
['At iteration 114 the best fitness is 0.6515694610732662']
['At iteration 115 the best fitness is 0.6515694610732662']
['At iteration 116 the best fitness is 0.6515694610732662']
['At iteration 117 the best fitness is 0.6515694610732662']
['At iteration 118 the best fitness is 0.6515694610732662']
['At iteration 119 the best fitness is 0.6515694610732662']
['At iteration 120 the best fitness is 0.6515694610732662']
['At iteration 121 the best fitness is 0.6515694610732662']
['At iteration 122 the best fitness is 0.6515694610732662']
['At iteration 123 the best fitness is 0.6515694610732662']
['At iteration 124 the best fitness is 0.6515694610732662']
['At iteration 125 the best fitness is 0.6515694610732662']
['At iteration 126 the best fitness is 0.6515694610732662']
['At iteration 127 the best fitness is 0.6515694610732662']
['At iteration 128 the best fitness is 0.6515694610732662']
['At iteration 129 the best fitness is 0.6515694610732662']
['At iteration 130 the best fitness is 0.6515694610732662']
['At iteration 131 the best fitness is 0.6515694610732662']
['At iteration 132 the best fitness is 0.6515694610732662']
['At iteration 133 the best fitness is 0.6515694610732662']
['At iteration 134 the best fitness is 0.6515694610732662']
['At iteration 135 the best fitness is 0.6515694610732662']
['At iteration 136 the best fitness is 0.6515694610732662']
['At iteration 137 the best fitness is 0.6515694610732662']
['At iteration 138 the best fitness is 0.6515694610732662']
['At iteration 139 the best fitness is 0.6515694610732662']
['At iteration 140 the best fitness is 0.6515694610732662']
['At iteration 141 the best fitness is 0.6515694610732662']
['At iteration 142 the best fitness is 0.6515694610732662']
['At iteration 143 the best fitness is 0.6515694610732662']
['At iteration 144 the best fitness is 0.6515694610732662']
['At iteration 145 the best fitness is 0.6515694610732662']
['At iteration 146 the best fitness is 0.6515694610732662']
['At iteration 147 the best fitness is 0.6515694610732662']
['At iteration 148 the best fitness is 0.6515694610732662']
['At iteration 149 the best fitness is 0.6515694610732662']
['At iteration 150 the best fitness is 0.6515694610732662']
['At iteration 151 the best fitness is 0.6515694610732662']
['At iteration 152 the best fitness is 0.6515694610732662']
['At iteration 153 the best fitness is 0.6515694610732662']
['At iteration 154 the best fitness is 0.6515694610732662']
['At iteration 155 the best fitness is 0.6515694610732662']
['At iteration 156 the best fitness is 0.6515694610732662']
['At iteration 157 the best fitness is 0.6515694610732662']
['At iteration 158 the best fitness is 0.6515694610732662']
['At iteration 159 the best fitness is 0.6515694610732662']
['At iteration 160 the best fitness is 0.6515694610732662']
['At iteration 161 the best fitness is 0.6515694610732662']
['At iteration 162 the best fitness is 0.6515694610732662']
['At iteration 163 the best fitness is 0.6515694610732662']
['At iteration 164 the best fitness is 0.6515694610732662']
['At iteration 165 the best fitness is 0.6515694610732662']
['At iteration 166 the best fitness is 0.6515694610732662']
['At iteration 167 the best fitness is 0.6515694610732662']
['At iteration 168 the best fitness is 0.6515694610732662']
['At iteration 169 the best fitness is 0.6515694610732662']
['At iteration 170 the best fitness is 0.6515694610732662']
['At iteration 171 the best fitness is 0.6515694610732662']
['At iteration 172 the best fitness is 0.6515694610732662']
['At iteration 173 the best fitness is 0.6515694610732662']
['At iteration 174 the best fitness is 0.6515694610732662']
['At iteration 175 the best fitness is 0.6515694610732662']
['At iteration 176 the best fitness is 0.6515694610732662']
['At iteration 177 the best fitness is 0.6515694610732662']
['At iteration 178 the best fitness is 0.6515694610732662']
['At iteration 179 the best fitness is 0.6515694610732662']
['At iteration 180 the best fitness is 0.6515694610732662']
['At iteration 181 the best fitness is 0.6515694610732662']
['At iteration 182 the best fitness is 0.6515694610732662']
['At iteration 183 the best fitness is 0.6515694610732662']
['At iteration 184 the best fitness is 0.6515694610732662']
['At iteration 185 the best fitness is 0.6515694610732662']
['At iteration 186 the best fitness is 0.6515694610732662']
['At iteration 187 the best fitness is 0.6515694610732662']
['At iteration 188 the best fitness is 0.6515694610732662']
['At iteration 189 the best fitness is 0.6515694610732662']
['At iteration 190 the best fitness is 0.6515694610732662']
['At iteration 191 the best fitness is 0.6515694610732662']
['At iteration 192 the best fitness is 0.6515694610732662']
['At iteration 193 the best fitness is 0.6515694610732662']
['At iteration 194 the best fitness is 0.6515694610732662']
['At iteration 195 the best fitness is 0.6515694610732662']
['At iteration 196 the best fitness is 0.6515694610732662']
['At iteration 197 the best fitness is 0.6515694610732662']
['At iteration 198 the best fitness is 0.6515694610732662']
['At iteration 199 the best fitness is 0.6515694610732662']
best centroid [[0.59238785 1.03390679]
 [0.79662314 1.09502762]
 [0.88799775 0.61740716]
 [0.61493745 0.48145514]
 [0.13606589 0.66247329]]
executed in secords: 21.728233098983765
labelsPreditect:  [4 4 4 4 4 4 4 4 4 4 4 4 4 4 4 4 4 4 4 4 4 4 4 4 4 4 4 4 4 4 4 4 4 4 4 4 4
 4 4 4 4 4 4 4 4 4 4 3 3 3 4 4 4 4 4 3 3 3 3 3 3 3 3 3 3 3 3 3 3 3 3 3 3 3
 3 3 3 3 3 3 3 3 3 3 3 3 3 3 3 3 3 3 3 3 3 3 2 2 3 3 2 3 3 3 3 3 2 2 2 2 2
 2 2 2 2 2 2 2 2 2 2 2 2 2 2 2 2 2 2 2 2 2 2 2 2 2 2 2 2 2 2 2 2 2 2 2 2 2
 2 3 3 3 3 4 4 3 0 3 2 0 0 0 0 4 0 0 0 4 4 4 4 0 0 0 0 0 0 0 0 0 0 0 4 4 0
 0 0 0 0 0 0 0 0 0 4 4 4 0 0 0 0 0 0 0 1 0 0 0 0 0 0 0 0 0 0 0 0 0 0 0 0 0
 0 0 0 0 0 0 0 0 0 0 0 0 0 0 0 0 0 0]

Process finished with exit code 0
